<?xml version="1.0" encoding="UTF-8"?>
<robot generator="Robot 6.0.1 (Python 3.7.6 on win32)" generated="20230123 12:04:21.341" rpa="false" schemaversion="3">
<suite id="s1" name="SKYLARK" source="SKYLARK">
<suite id="s1-s1" name="CASES" source="SKYLARK/CASES">
<kw name="Log" library="BuiltIn" type="SETUP">
<arg>123456</arg>
<doc>Logs the given message with the given level.</doc>
<msg timestamp="20230123 12:04:21.374" level="INFO">123456</msg>
<status status="PASS" starttime="20230123 12:04:21.374" endtime="20230123 12:04:21.374"/>
</kw>
<suite id="s1-s1-s1" name="Suite1" source="SKYLARK/CASES/suite1.robot">
<test id="s1-s1-s1-t1" name="获取公司信息" line="7">
<kw name="Log" library="BuiltIn" type="SETUP">
<arg>前置日志</arg>
<doc>Logs the given message with the given level.</doc>
<msg timestamp="20230123 12:04:21.379" level="INFO">前置日志</msg>
<status status="PASS" starttime="20230123 12:04:21.379" endtime="20230123 12:04:21.379"/>
</kw>
<kw name="Log" library="BuiltIn">
<arg>000</arg>
<doc>Logs the given message with the given level.</doc>
<msg timestamp="20230123 12:04:21.379" level="INFO">000</msg>
<status status="PASS" starttime="20230123 12:04:21.379" endtime="20230123 12:04:21.379"/>
</kw>
<doc>40</doc>
<status status="PASS" starttime="20230123 12:04:21.378" endtime="20230123 12:04:21.379"/>
</test>
<test id="s1-s1-s1-t2" name="获取医院信息" line="11">
<kw name="Log" library="BuiltIn" type="SETUP">
<arg>前置日志</arg>
<doc>Logs the given message with the given level.</doc>
<msg timestamp="20230123 12:04:21.381" level="INFO">前置日志</msg>
<status status="PASS" starttime="20230123 12:04:21.381" endtime="20230123 12:04:21.381"/>
</kw>
<kw name="Log" library="BuiltIn">
<var>${out}</var>
<arg>测试日志</arg>
<doc>Logs the given message with the given level.</doc>
<msg timestamp="20230123 12:04:21.382" level="INFO">测试日志</msg>
<msg timestamp="20230123 12:04:21.382" level="INFO">${out} = None</msg>
<status status="PASS" starttime="20230123 12:04:21.382" endtime="20230123 12:04:21.382"/>
</kw>
<kw name="Set Variable" library="BuiltIn">
<arg>123</arg>
<doc>Returns the given values which can then be assigned to a variables.</doc>
<status status="PASS" starttime="20230123 12:04:21.382" endtime="20230123 12:04:21.382"/>
</kw>
<kw name="Log" library="BuiltIn">
<var>${out}</var>
<arg>侧室</arg>
<doc>Logs the given message with the given level.</doc>
<msg timestamp="20230123 12:04:21.383" level="INFO">侧室</msg>
<msg timestamp="20230123 12:04:21.383" level="INFO">${out} = None</msg>
<status status="PASS" starttime="20230123 12:04:21.382" endtime="20230123 12:04:21.383"/>
</kw>
<kw name="Should Be Equal" library="BuiltIn">
<var>${out}</var>
<arg>1</arg>
<arg>1</arg>
<doc>Fails if the given objects are unequal.</doc>
<msg timestamp="20230123 12:04:21.383" level="INFO">${out} = None</msg>
<status status="PASS" starttime="20230123 12:04:21.383" endtime="20230123 12:04:21.383"/>
</kw>
<kw name="Log" library="BuiltIn">
<var>${out}</var>
<arg>jk</arg>
<doc>Logs the given message with the given level.</doc>
<msg timestamp="20230123 12:04:21.383" level="INFO">jk</msg>
<msg timestamp="20230123 12:04:21.383" level="INFO">${out} = None</msg>
<status status="PASS" starttime="20230123 12:04:21.383" endtime="20230123 12:04:21.383"/>
</kw>
<kw name="Create List" library="BuiltIn">
<var>${out}</var>
<doc>Returns a list containing given items.</doc>
<msg timestamp="20230123 12:04:21.384" level="INFO">${out} = []</msg>
<status status="PASS" starttime="20230123 12:04:21.384" endtime="20230123 12:04:21.384"/>
</kw>
<doc>18</doc>
<status status="PASS" starttime="20230123 12:04:21.381" endtime="20230123 12:04:21.384"/>
</test>
<test id="s1-s1-s1-t3" name="获取学校信息" line="20">
<kw name="Log" library="BuiltIn" type="SETUP">
<arg>前置日志</arg>
<doc>Logs the given message with the given level.</doc>
<msg timestamp="20230123 12:04:21.386" level="INFO">前置日志</msg>
<status status="PASS" starttime="20230123 12:04:21.386" endtime="20230123 12:04:21.386"/>
</kw>
<kw name="Create List" library="BuiltIn">
<var>${out}</var>
<doc>Returns a list containing given items.</doc>
<msg timestamp="20230123 12:04:21.386" level="INFO">${out} = []</msg>
<status status="PASS" starttime="20230123 12:04:21.386" endtime="20230123 12:04:21.386"/>
</kw>
<kw name="Should Be Equal" library="BuiltIn">
<var>${out}</var>
<arg>1</arg>
<arg>2</arg>
<doc>Fails if the given objects are unequal.</doc>
<msg timestamp="20230123 12:04:21.387" level="FAIL">1 != 2</msg>
<status status="FAIL" starttime="20230123 12:04:21.386" endtime="20230123 12:04:21.387"/>
</kw>
<kw name="Set Variable" library="BuiltIn">
<arg>0990</arg>
<doc>Returns the given values which can then be assigned to a variables.</doc>
<status status="NOT RUN" starttime="20230123 12:04:21.387" endtime="20230123 12:04:21.387"/>
</kw>
<kw name="Log" library="BuiltIn">
<var>${out}</var>
<arg>看看看</arg>
<doc>Logs the given message with the given level.</doc>
<status status="NOT RUN" starttime="20230123 12:04:21.387" endtime="20230123 12:04:21.387"/>
</kw>
<doc>32</doc>
<status status="FAIL" starttime="20230123 12:04:21.385" endtime="20230123 12:04:21.387">1 != 2</status>
</test>
<status status="FAIL" starttime="20230123 12:04:21.374" endtime="20230123 12:04:21.389"/>
</suite>
<suite id="s1-s1-s2" name="Dir001" source="SKYLARK/CASES/dir001">
<suite id="s1-s1-s2-s1" name="Dir Child01" source="SKYLARK/CASES/dir001/dir_child01">
<suite id="s1-s1-s2-s1-s1" name="Suite002" source="SKYLARK/CASES/dir001/dir_child01/suite002.robot">
<test id="s1-s1-s2-s1-s1-t1" name="case01" line="7">
<kw name="Log" library="BuiltIn" type="SETUP">
<arg>前置日志</arg>
<doc>Logs the given message with the given level.</doc>
<msg timestamp="20230123 12:04:21.401" level="INFO">前置日志</msg>
<status status="PASS" starttime="20230123 12:04:21.401" endtime="20230123 12:04:21.401"/>
</kw>
<kw name="Log" library="BuiltIn">
<var>${out}</var>
<arg>09</arg>
<doc>Logs the given message with the given level.</doc>
<msg timestamp="20230123 12:04:21.402" level="INFO">09</msg>
<msg timestamp="20230123 12:04:21.402" level="INFO">${out} = None</msg>
<status status="PASS" starttime="20230123 12:04:21.402" endtime="20230123 12:04:21.402"/>
</kw>
<doc>38</doc>
<status status="PASS" starttime="20230123 12:04:21.400" endtime="20230123 12:04:21.403"/>
</test>
<test id="s1-s1-s2-s1-s1-t2" name="case02" line="11">
<kw name="Log" library="BuiltIn" type="SETUP">
<arg>前置日志</arg>
<doc>Logs the given message with the given level.</doc>
<msg timestamp="20230123 12:04:21.404" level="INFO">前置日志</msg>
<status status="PASS" starttime="20230123 12:04:21.404" endtime="20230123 12:04:21.404"/>
</kw>
<kw name="Log" library="BuiltIn">
<var>${out}</var>
<arg>7999</arg>
<doc>Logs the given message with the given level.</doc>
<msg timestamp="20230123 12:04:21.405" level="INFO">7999</msg>
<msg timestamp="20230123 12:04:21.405" level="INFO">${out} = None</msg>
<status status="PASS" starttime="20230123 12:04:21.405" endtime="20230123 12:04:21.405"/>
</kw>
<doc>39</doc>
<status status="PASS" starttime="20230123 12:04:21.404" endtime="20230123 12:04:21.406"/>
</test>
<status status="PASS" starttime="20230123 12:04:21.397" endtime="20230123 12:04:21.407"/>
</suite>
<status status="PASS" starttime="20230123 12:04:21.394" endtime="20230123 12:04:21.408"/>
</suite>
<status status="PASS" starttime="20230123 12:04:21.389" endtime="20230123 12:04:21.410"/>
</suite>
<status status="FAIL" starttime="20230123 12:04:21.369" endtime="20230123 12:04:21.412"/>
</suite>
<meta name="data"/>
<meta name="taskid"/>
<status status="FAIL" starttime="20230123 12:04:21.344" endtime="20230123 12:04:21.413"/>
</suite>
<statistics>
<total>
<stat pass="4" fail="1" skip="0">All Tests</stat>
</total>
<tag>
</tag>
<suite>
<stat pass="4" fail="1" skip="0" id="s1" name="SKYLARK">SKYLARK</stat>
<stat pass="4" fail="1" skip="0" id="s1-s1" name="CASES">SKYLARK.CASES</stat>
<stat pass="2" fail="1" skip="0" id="s1-s1-s1" name="Suite1">SKYLARK.CASES.Suite1</stat>
<stat pass="2" fail="0" skip="0" id="s1-s1-s2" name="Dir001">SKYLARK.CASES.Dir001</stat>
<stat pass="2" fail="0" skip="0" id="s1-s1-s2-s1" name="Dir Child01">SKYLARK.CASES.Dir001.Dir Child01</stat>
<stat pass="2" fail="0" skip="0" id="s1-s1-s2-s1-s1" name="Suite002">SKYLARK.CASES.Dir001.Dir Child01.Suite002</stat>
</suite>
</statistics>
<errors>
</errors>
</robot>
