<?xml version="1.0" encoding="UTF-8"?>
<robot generator="Robot 6.0.1 (Python 3.7.6 on win32)" generated="20230121 18:23:49.316" rpa="false" schemaversion="3">
<suite id="s1" name="SKYLARK" source="SKYLARK">
<suite id="s1-s1" name="CASES" source="SKYLARK/CASES">
<kw name="Log" library="BuiltIn" type="SETUP">
<arg>123456</arg>
<doc>Logs the given message with the given level.</doc>
<msg timestamp="20230121 18:23:49.356" level="INFO">123456</msg>
<status status="PASS" starttime="20230121 18:23:49.356" endtime="20230121 18:23:49.356"/>
</kw>
<suite id="s1-s1-s1" name="Suite1" source="SKYLARK/CASES/suite1.robot">
<test id="s1-s1-s1-t1" name="获取公司信息" line="7">
<kw name="Log" library="BuiltIn" type="SETUP">
<arg>前置日志</arg>
<doc>Logs the given message with the given level.</doc>
<msg timestamp="20230121 18:23:49.363" level="INFO">前置日志</msg>
<status status="PASS" starttime="20230121 18:23:49.363" endtime="20230121 18:23:49.363"/>
</kw>
<kw name="Log" library="BuiltIn">
<arg>000</arg>
<doc>Logs the given message with the given level.</doc>
<msg timestamp="20230121 18:23:49.364" level="INFO">000</msg>
<status status="PASS" starttime="20230121 18:23:49.364" endtime="20230121 18:23:49.364"/>
</kw>
<doc>40</doc>
<status status="PASS" starttime="20230121 18:23:49.362" endtime="20230121 18:23:49.365"/>
</test>
<test id="s1-s1-s1-t2" name="获取医院信息" line="11">
<kw name="Log" library="BuiltIn" type="SETUP">
<arg>前置日志</arg>
<doc>Logs the given message with the given level.</doc>
<msg timestamp="20230121 18:23:49.367" level="INFO">前置日志</msg>
<status status="PASS" starttime="20230121 18:23:49.367" endtime="20230121 18:23:49.367"/>
</kw>
<kw name="Log" library="BuiltIn">
<var>${out}</var>
<arg>测试日志</arg>
<doc>Logs the given message with the given level.</doc>
<msg timestamp="20230121 18:23:49.368" level="INFO">测试日志</msg>
<msg timestamp="20230121 18:23:49.368" level="INFO">${out} = None</msg>
<status status="PASS" starttime="20230121 18:23:49.368" endtime="20230121 18:23:49.368"/>
</kw>
<kw name="Set Variable" library="BuiltIn">
<arg>123</arg>
<doc>Returns the given values which can then be assigned to a variables.</doc>
<status status="PASS" starttime="20230121 18:23:49.368" endtime="20230121 18:23:49.368"/>
</kw>
<kw name="Log" library="BuiltIn">
<var>${out}</var>
<arg>侧室</arg>
<doc>Logs the given message with the given level.</doc>
<msg timestamp="20230121 18:23:49.369" level="INFO">侧室</msg>
<msg timestamp="20230121 18:23:49.369" level="INFO">${out} = None</msg>
<status status="PASS" starttime="20230121 18:23:49.369" endtime="20230121 18:23:49.369"/>
</kw>
<kw name="Should Be Equal" library="BuiltIn">
<var>${out}</var>
<arg>1</arg>
<arg>1</arg>
<doc>Fails if the given objects are unequal.</doc>
<msg timestamp="20230121 18:23:49.370" level="INFO">${out} = None</msg>
<status status="PASS" starttime="20230121 18:23:49.369" endtime="20230121 18:23:49.370"/>
</kw>
<kw name="Log" library="BuiltIn">
<var>${out}</var>
<arg>jk</arg>
<doc>Logs the given message with the given level.</doc>
<msg timestamp="20230121 18:23:49.370" level="INFO">jk</msg>
<msg timestamp="20230121 18:23:49.370" level="INFO">${out} = None</msg>
<status status="PASS" starttime="20230121 18:23:49.370" endtime="20230121 18:23:49.370"/>
</kw>
<kw name="Create List" library="BuiltIn">
<var>${out}</var>
<doc>Returns a list containing given items.</doc>
<msg timestamp="20230121 18:23:49.370" level="INFO">${out} = []</msg>
<status status="PASS" starttime="20230121 18:23:49.370" endtime="20230121 18:23:49.370"/>
</kw>
<doc>18</doc>
<status status="PASS" starttime="20230121 18:23:49.366" endtime="20230121 18:23:49.371"/>
</test>
<test id="s1-s1-s1-t3" name="获取学校信息" line="20">
<kw name="Log" library="BuiltIn" type="SETUP">
<arg>前置日志</arg>
<doc>Logs the given message with the given level.</doc>
<msg timestamp="20230121 18:23:49.373" level="INFO">前置日志</msg>
<status status="PASS" starttime="20230121 18:23:49.372" endtime="20230121 18:23:49.373"/>
</kw>
<kw name="Create List" library="BuiltIn">
<var>${out}</var>
<doc>Returns a list containing given items.</doc>
<msg timestamp="20230121 18:23:49.373" level="INFO">${out} = []</msg>
<status status="PASS" starttime="20230121 18:23:49.373" endtime="20230121 18:23:49.373"/>
</kw>
<kw name="Should Be Equal" library="BuiltIn">
<var>${out}</var>
<arg>1</arg>
<arg>2</arg>
<doc>Fails if the given objects are unequal.</doc>
<msg timestamp="20230121 18:23:49.373" level="FAIL">1 != 2</msg>
<status status="FAIL" starttime="20230121 18:23:49.373" endtime="20230121 18:23:49.374"/>
</kw>
<kw name="Set Variable" library="BuiltIn">
<arg>0990</arg>
<doc>Returns the given values which can then be assigned to a variables.</doc>
<status status="NOT RUN" starttime="20230121 18:23:49.374" endtime="20230121 18:23:49.374"/>
</kw>
<kw name="Log" library="BuiltIn">
<var>${out}</var>
<arg>看看看</arg>
<doc>Logs the given message with the given level.</doc>
<status status="NOT RUN" starttime="20230121 18:23:49.374" endtime="20230121 18:23:49.374"/>
</kw>
<doc>32</doc>
<status status="FAIL" starttime="20230121 18:23:49.372" endtime="20230121 18:23:49.375">1 != 2</status>
</test>
<status status="FAIL" starttime="20230121 18:23:49.356" endtime="20230121 18:23:49.376"/>
</suite>
<suite id="s1-s1-s2" name="Dir001" source="SKYLARK/CASES/dir001">
<suite id="s1-s1-s2-s1" name="Dir Child01" source="SKYLARK/CASES/dir001/dir_child01">
<suite id="s1-s1-s2-s1-s1" name="Suite002" source="SKYLARK/CASES/dir001/dir_child01/suite002.robot">
<test id="s1-s1-s2-s1-s1-t1" name="case01" line="7">
<kw name="Log" library="BuiltIn" type="SETUP">
<arg>前置日志</arg>
<doc>Logs the given message with the given level.</doc>
<msg timestamp="20230121 18:23:49.388" level="INFO">前置日志</msg>
<status status="PASS" starttime="20230121 18:23:49.388" endtime="20230121 18:23:49.388"/>
</kw>
<kw name="Log" library="BuiltIn">
<var>${out}</var>
<arg>09</arg>
<doc>Logs the given message with the given level.</doc>
<msg timestamp="20230121 18:23:49.389" level="INFO">09</msg>
<msg timestamp="20230121 18:23:49.389" level="INFO">${out} = None</msg>
<status status="PASS" starttime="20230121 18:23:49.389" endtime="20230121 18:23:49.389"/>
</kw>
<doc>38</doc>
<status status="PASS" starttime="20230121 18:23:49.387" endtime="20230121 18:23:49.389"/>
</test>
<test id="s1-s1-s2-s1-s1-t2" name="case02" line="11">
<kw name="Log" library="BuiltIn" type="SETUP">
<arg>前置日志</arg>
<doc>Logs the given message with the given level.</doc>
<msg timestamp="20230121 18:23:49.391" level="INFO">前置日志</msg>
<status status="PASS" starttime="20230121 18:23:49.391" endtime="20230121 18:23:49.391"/>
</kw>
<kw name="Log" library="BuiltIn">
<var>${out}</var>
<arg>7999</arg>
<doc>Logs the given message with the given level.</doc>
<msg timestamp="20230121 18:23:49.392" level="INFO">7999</msg>
<msg timestamp="20230121 18:23:49.392" level="INFO">${out} = None</msg>
<status status="PASS" starttime="20230121 18:23:49.392" endtime="20230121 18:23:49.392"/>
</kw>
<doc>39</doc>
<status status="PASS" starttime="20230121 18:23:49.390" endtime="20230121 18:23:49.392"/>
</test>
<status status="PASS" starttime="20230121 18:23:49.384" endtime="20230121 18:23:49.394"/>
</suite>
<status status="PASS" starttime="20230121 18:23:49.380" endtime="20230121 18:23:49.395"/>
</suite>
<status status="PASS" starttime="20230121 18:23:49.377" endtime="20230121 18:23:49.396"/>
</suite>
<status status="FAIL" starttime="20230121 18:23:49.350" endtime="20230121 18:23:49.397"/>
</suite>
<meta name="data"/>
<meta name="taskid"/>
<status status="FAIL" starttime="20230121 18:23:49.320" endtime="20230121 18:23:49.398"/>
</suite>
<statistics>
<total>
<stat pass="4" fail="1" skip="0">All Tests</stat>
</total>
<tag>
</tag>
<suite>
<stat pass="4" fail="1" skip="0" id="s1" name="SKYLARK">SKYLARK</stat>
<stat pass="4" fail="1" skip="0" id="s1-s1" name="CASES">SKYLARK.CASES</stat>
<stat pass="2" fail="1" skip="0" id="s1-s1-s1" name="Suite1">SKYLARK.CASES.Suite1</stat>
<stat pass="2" fail="0" skip="0" id="s1-s1-s2" name="Dir001">SKYLARK.CASES.Dir001</stat>
<stat pass="2" fail="0" skip="0" id="s1-s1-s2-s1" name="Dir Child01">SKYLARK.CASES.Dir001.Dir Child01</stat>
<stat pass="2" fail="0" skip="0" id="s1-s1-s2-s1-s1" name="Suite002">SKYLARK.CASES.Dir001.Dir Child01.Suite002</stat>
</suite>
</statistics>
<errors>
</errors>
</robot>
